<?xml version="1.0" encoding="UTF-8"?>
<!-- Generated by org.testng.reporters.JUnitReportReporter -->
<testsuite hostname="LAPTOP-V1ARAE5Q" failures="0" tests="1" name="com.example.AppTest" time="22.647" errors="0" timestamp="2024-04-26T16:21:44 IST" skipped="0">
  <testcase classname="com.example.AppTest" name="test1" time="22.647"/>
</testsuite> <!-- com.example.AppTest -->
